[GIN-debug] [WARNING] Creating an Engine instance with the Logger and Recovery middleware already attached.

[GIN-debug] [WARNING] Running in "debug" mode. Switch to "release" mode in production.
 - using env:	export GIN_MODE=release
 - using code:	gin.SetMode(gin.ReleaseMode)

[GIN-debug] [WARNING] Creating an Engine instance with the Logger and Recovery middleware already attached.

[GIN-debug] [WARNING] Running in "debug" mode. Switch to "release" mode in production.
 - using env:	export GIN_MODE=release
 - using code:	gin.SetMode(gin.ReleaseMode)

[GIN-debug] POST   /login                    --> e-gov/router/account.login.func1 (3 handlers)
[GIN-debug] POST   /register                 --> e-gov/router/account.register.func1 (3 handlers)
[GIN-debug] POST   /updatePWD                --> e-gov/router/account.updatePWD.func1 (3 handlers)
[GIN-debug] GET    /username/:name           --> e-gov/router/account.username.func1 (3 handlers)
[GIN-debug] GET    /userPage                 --> e-gov/router/account.userPage.func1 (3 handlers)
[GIN-debug] GET    /pullUserList             --> e-gov/router/account.pullUserList.func1 (3 handlers)
[GIN-debug] GET    /pullUserById/:id         --> e-gov/router/account.pullUserById.func1 (3 handlers)
[GIN-debug] GET    /pullUserByRole/:role     --> e-gov/router/account.pullUserByRole.func1 (3 handlers)
[GIN-debug] POST   /saveUser                 --> e-gov/router/account.saveUser.func1 (3 handlers)
[GIN-debug] DELETE /deleteUserById/:id       --> e-gov/router/account.deleteUserById.func1 (3 handlers)
[GIN-debug] DELETE /delUserBatch             --> e-gov/router/account.delUserBatch.func1 (3 handlers)
[GIN-debug] GET    /echartsMember            --> e-gov/router/account.echartsMember.func1 (3 handlers)
[GIN-debug] GET    /rolePage                 --> e-gov/router/role.rolePage.func1 (3 handlers)
[GIN-debug] GET    /pullRoleList             --> e-gov/router/role.pullRoleList.func1 (3 handlers)
[GIN-debug] GET    /pullRoleById/:id         --> e-gov/router/role.pullRoleById.func1 (3 handlers)
[GIN-debug] POST   /saveRole                 --> e-gov/router/role.saveRole.func1 (3 handlers)
[GIN-debug] DELETE /deleteRoleById/:id       --> e-gov/router/role.deleteRoleById.func1 (3 handlers)
[GIN-debug] DELETE /delRoleBatch             --> e-gov/router/role.delRoleBatch.func1 (3 handlers)
[GIN-debug] GET    /getRoleMenu/:roleId      --> e-gov/router/role.getRoleMenu.func1 (3 handlers)
[GIN-debug] GET    /menuPage                 --> e-gov/router/menu.menuPage.func1 (3 handlers)
[GIN-debug] GET    /pullMenuList             --> e-gov/router/menu.pullMenuList.func1 (3 handlers)
[GIN-debug] GET    /pullMenuById/:id         --> e-gov/router/menu.pullMenuById.func1 (3 handlers)
[GIN-debug] POST   /saveMenu                 --> e-gov/router/menu.saveMenu.func1 (3 handlers)
[GIN-debug] DELETE /deleteMenuById/:id       --> e-gov/router/menu.deleteMenuById.func1 (3 handlers)
[GIN-debug] DELETE /delMenuBatch             --> e-gov/router/menu.delMenuBatch.func1 (3 handlers)
[GIN-debug] GET    /getMenuIcons             --> e-gov/router/menu.getMenuIcons.func1 (3 handlers)
[GIN-debug] GET    /filePage                 --> e-gov/router/file.filePage.func1 (3 handlers)
[GIN-debug] DELETE /deleteFileById/:id       --> e-gov/router/file.deleteFileById.func1 (3 handlers)
[GIN-debug] DELETE /delFileBatch             --> e-gov/router/file.delFileBatch.func1 (3 handlers)
[GIN-debug] POST   /updateFile               --> e-gov/router/file.updateFile.func1 (3 handlers)
[GIN-debug] POST   /uploadFile               --> e-gov/router/file.uploadFile.func1 (3 handlers)
[GIN-debug] GET    /downloadFile/:name       --> e-gov/router/file.downloadFile.func1 (3 handlers)
[GIN-debug] GET    /affairPage               --> e-gov/router/affair.affairPage.func1 (3 handlers)
[GIN-debug] GET    /pullAffairList           --> e-gov/router/affair.pullAffairList.func1 (3 handlers)
[GIN-debug] GET    /pullAffairById/:id       --> e-gov/router/affair.pullAffairById.func1 (3 handlers)
[GIN-debug] GET    /pullAffairByAuditId/:id  --> e-gov/router/affair.pullAffairByAuditId.func1 (3 handlers)
[GIN-debug] GET    /pullAffairPage           --> e-gov/router/affair.pullAffairPage.func1 (4 handlers)
[GIN-debug] POST   /saveAffair               --> e-gov/router/affair.saveAffair.func1 (3 handlers)
[GIN-debug] DELETE /deleteAffairById/:id     --> e-gov/router/affair.deleteAffairById.func1 (3 handlers)
[GIN-debug] POST   /delAffairBatch           --> e-gov/router/affair.delAffairBatch.func1 (3 handlers)
[GIN-debug] GET    /pullPersonByIdentity/:idt --> e-gov/router/person.pullPersonByIdentity.func1 (3 handlers)
[GIN-debug] POST   /savePerson               --> e-gov/router/person.savePerson.func1 (3 handlers)
[GIN-debug] GET    /applyPage                --> e-gov/router/apply.applyPage.func1 (3 handlers)
[GIN-debug] GET    /pullApplyList            --> e-gov/router/apply.pullApplyList.func1 (3 handlers)
[GIN-debug] GET    /pullApplyById/:id        --> e-gov/router/apply.pullApplyById.func1 (3 handlers)
[GIN-debug] GET    /pullMyApply              --> e-gov/router/apply.pullMyApply.func1 (3 handlers)
[GIN-debug] POST   /saveApply                --> e-gov/router/apply.saveApply.func1 (3 handlers)
[GIN-debug] DELETE /deleteApplyById/:id      --> e-gov/router/apply.deleteApplyById.func1 (3 handlers)
[GIN-debug] DELETE /delApplyBatch            --> e-gov/router/apply.delApplyBatch.func1 (3 handlers)
[GIN-debug] GET    /newsPage                 --> e-gov/router/news.newsPage.func1 (3 handlers)
[GIN-debug] GET    /pullNewsList             --> e-gov/router/news.pullNewsList.func1 (3 handlers)
[GIN-debug] GET    /pullNewsRecent           --> e-gov/router/news.pullNewsRecent.func1 (3 handlers)
[GIN-debug] GET    /pullNewsById/:id         --> e-gov/router/news.pullNewsById.func1 (3 handlers)
[GIN-debug] POST   /saveNews                 --> e-gov/router/news.updateNews.func1 (3 handlers)
[GIN-debug] DELETE /deleteNewsById/:id       --> e-gov/router/news.deleteNewsById.func1 (3 handlers)
[GIN-debug] DELETE /delNewsBatch             --> e-gov/router/news.delNewsBatch.func1 (3 handlers)
[GIN-debug] GET    /feedbackPage             --> e-gov/router/feedback.feedbackPage.func1 (3 handlers)
[GIN-debug] GET    /pullFeedbackList         --> e-gov/router/feedback.pullFeedbackList.func1 (3 handlers)
[GIN-debug] GET    /pullFeedbackByUserId/:id --> e-gov/router/feedback.pullFeedbackByUserId.func1 (3 handlers)
[GIN-debug] POST   /saveFeedback             --> e-gov/router/feedback.saveFeedback.func1 (3 handlers)
[GIN-debug] DELETE /deleteFeedbackById/:id   --> e-gov/router/feedback.deleteFeedbackById.func1 (3 handlers)
[GIN-debug] DELETE /deleteFeedbackByUserId/:id --> e-gov/router/feedback.deleteFeedbackByUserId.func1 (3 handlers)
[GIN-debug] DELETE /delFeedbackBatch         --> e-gov/router/feedback.delFeedbackBatch.func1 (3 handlers)
[GIN-debug] GET    /swagger/*any             --> github.com/swaggo/gin-swagger.CustomWrapHandler.func1 (3 handlers)
[GIN-debug] [WARNING] You trusted all proxies, this is NOT safe. We recommend you to set a value.
Please check https://pkg.go.dev/github.com/gin-gonic/gin#readme-don-t-trust-all-proxies for details.
[GIN-debug] Listening and serving HTTP on localhost:9090
[GIN] 2022/05/06 - 11:49:19 | 200 |    1.068592ms |       127.0.0.1 | GET      "/filePage?pageNum=1&pageSize=5&name="
[GIN] 2022/05/06 - 11:49:19 | 200 |      4.9687ms |       127.0.0.1 | GET      "/username/root"
[GIN] 2022/05/06 - 11:51:40 | 200 |      702.63µs |       127.0.0.1 | GET      "/username/root"
[GIN] 2022/05/06 - 11:51:40 | 200 |       731.4µs |       127.0.0.1 | GET      "/filePage?pageNum=1&pageSize=5&name="
[GIN] 2022/05/06 - 11:51:48 | 200 |     298.022µs |       127.0.0.1 | GET      "/swagger/index.html"
[GIN] 2022/05/06 - 11:51:48 | 200 |     154.359µs |       127.0.0.1 | GET      "/swagger/swagger-ui.css"
[GIN] 2022/05/06 - 11:51:48 | 200 |     712.397µs |       127.0.0.1 | GET      "/swagger/swagger-ui-bundle.js"
[GIN] 2022/05/06 - 11:51:48 | 200 |     296.068µs |       127.0.0.1 | GET      "/swagger/swagger-ui-standalone-preset.js"
[GIN] 2022/05/06 - 11:51:48 | 200 |     284.485µs |       127.0.0.1 | GET      "/swagger/doc.json"
[GIN] 2022/05/06 - 11:52:02 | 200 |    1.611652ms |       127.0.0.1 | GET      "/affairPage?pageNum=1&pageSize=5&name=%E9%AB%98%E6%96%B0%E6%8A%80%E6%9C%AF%E8%AE%A4%E8%AF%81"
[GIN] 2022/05/06 - 11:52:10 | 200 |    1.053494ms |       127.0.0.1 | GET      "/affairPage?pageNum=1&pageSize=5"
[GIN] 2022/05/06 - 11:52:34 | 200 |     1.04225ms |       127.0.0.1 | GET      "/affairPage?pageNum=1&pageSize=5"
[GIN] 2022/05/06 - 11:52:48 | 200 |    1.276308ms |       127.0.0.1 | GET      "/affairPage?pageNum=1&pageSize=5&name=%E9%AB%98%E6%96%B0%E6%8A%80%E6%9C%AF%E8%AE%A4%E8%AF%81"
[GIN] 2022/05/06 - 11:53:04 | 200 |     4.48942ms |       127.0.0.1 | GET      "/pullApplyList"
